
-----
Test: tests/test_user_auth.py::TestUserAuth::test_auth_user (setup)
Time: 2023-12-12 17:37:14.878650
Request method: POST
Request URL: https://playground.learnqa.ru/user/login
Request data: {'email': 'vinkotov@example.com', 'password': '1234'}
Request headers: {}
Request cookies: {}

Response code: 404
Response text: This is 404 error!
<a href='/'>Home</a>
Response header: {'Date': 'Tue, 12 Dec 2023 16:37:16 GMT', 'Content-Type': 'text/html; charset=utf-8', 'Transfer-Encoding': 'chunked', 'Connection': 'keep-alive', 'Keep-Alive': 'timeout=10', 'Vary': 'Accept-Encoding', 'Server': 'Apache', 'Content-Encoding': 'gzip'}
Response cookies: {}

-----

-----
Test: tests/test_user_auth.py::TestUserAuth::test_negative_auth_check[no_cookie] (setup)
Time: 2023-12-12 17:37:17.386466
Request method: POST
Request URL: https://playground.learnqa.ru/user/login
Request data: {'email': 'vinkotov@example.com', 'password': '1234'}
Request headers: {}
Request cookies: {}

Response code: 404
Response text: This is 404 error!
<a href='/'>Home</a>
Response header: {'Date': 'Tue, 12 Dec 2023 16:37:17 GMT', 'Content-Type': 'text/html; charset=utf-8', 'Transfer-Encoding': 'chunked', 'Connection': 'keep-alive', 'Keep-Alive': 'timeout=10', 'Vary': 'Accept-Encoding', 'Server': 'Apache', 'Content-Encoding': 'gzip'}
Response cookies: {}

-----

-----
Test: tests/test_user_auth.py::TestUserAuth::test_negative_auth_check[no_token] (setup)
Time: 2023-12-12 17:37:18.001687
Request method: POST
Request URL: https://playground.learnqa.ru/user/login
Request data: {'email': 'vinkotov@example.com', 'password': '1234'}
Request headers: {}
Request cookies: {}

Response code: 404
Response text: This is 404 error!
<a href='/'>Home</a>
Response header: {'Date': 'Tue, 12 Dec 2023 16:37:18 GMT', 'Content-Type': 'text/html; charset=utf-8', 'Transfer-Encoding': 'chunked', 'Connection': 'keep-alive', 'Keep-Alive': 'timeout=10', 'Vary': 'Accept-Encoding', 'Server': 'Apache', 'Content-Encoding': 'gzip'}
Response cookies: {}

-----

-----
Test: tests/test_user_edit.py::TestUserEdit::test_edit_just_created_user (call)
Time: 2023-12-12 17:37:18.713157
Request method: POST
Request URL: https://playground.learnqa.ru/user/
Request data: {'password': '123', 'username': 'learnqa', 'firstName': 'learnqa', 'lastName': 'learnqa', 'email': 'learnqa12122023173718@example.com'}
Request headers: {}
Request cookies: {}

Response code: 404
Response text: This is 404 error!
<a href='/'>Home</a>
Response header: {'Date': 'Tue, 12 Dec 2023 16:37:19 GMT', 'Content-Type': 'text/html; charset=utf-8', 'Transfer-Encoding': 'chunked', 'Connection': 'keep-alive', 'Keep-Alive': 'timeout=10', 'Vary': 'Accept-Encoding', 'Server': 'Apache', 'Content-Encoding': 'gzip'}
Response cookies: {}

-----

-----
Test: tests/test_user_get.py::TestUserGet::test_get_user_details_not_auth (call)
Time: 2023-12-12 17:37:19.322835
Request method: GET
Request URL: https://playground.learnqa.ru/user/2
Request data: None
Request headers: {}
Request cookies: {}

Response code: 404
Response text: This is 404 error!
<a href='/'>Home</a>
Response header: {'Date': 'Tue, 12 Dec 2023 16:37:19 GMT', 'Content-Type': 'text/html; charset=utf-8', 'Transfer-Encoding': 'chunked', 'Connection': 'keep-alive', 'Keep-Alive': 'timeout=10', 'Vary': 'Accept-Encoding', 'Server': 'Apache', 'Content-Encoding': 'gzip'}
Response cookies: {}

-----

-----
Test: tests/test_user_get.py::TestUserGet::test_get_user_details_auth_as_same_user (call)
Time: 2023-12-12 17:37:20.071848
Request method: POST
Request URL: https://playground.learnqa.ru/user/login
Request data: {'email': 'vinkotov@example.com', 'password': '1234'}
Request headers: {}
Request cookies: {}

Response code: 404
Response text: This is 404 error!
<a href='/'>Home</a>
Response header: {'Date': 'Tue, 12 Dec 2023 16:37:21 GMT', 'Content-Type': 'text/html; charset=utf-8', 'Transfer-Encoding': 'chunked', 'Connection': 'keep-alive', 'Keep-Alive': 'timeout=10', 'Vary': 'Accept-Encoding', 'Server': 'Apache', 'Content-Encoding': 'gzip'}
Response cookies: {}

-----

-----
Test: tests/test_user_register.py::TestUserRegister::test_create_user_successfully (call)
Time: 2023-12-12 17:37:21.379246
Request method: POST
Request URL: https://playground.learnqa.ru/user/
Request data: {'password': '123', 'username': 'learnqa', 'firstName': 'learnqa', 'lastName': 'learnqa', 'email': 'learnqa12122023173721@example.com'}
Request headers: {}
Request cookies: {}

Response code: 404
Response text: This is 404 error!
<a href='/'>Home</a>
Response header: {'Date': 'Tue, 12 Dec 2023 16:37:21 GMT', 'Content-Type': 'text/html; charset=utf-8', 'Transfer-Encoding': 'chunked', 'Connection': 'keep-alive', 'Keep-Alive': 'timeout=10', 'Vary': 'Accept-Encoding', 'Server': 'Apache', 'Content-Encoding': 'gzip'}
Response cookies: {}

-----

-----
Test: tests/test_user_register.py::TestUserRegister::test_create_user_with_existing_email (call)
Time: 2023-12-12 17:37:21.996668
Request method: POST
Request URL: https://playground.learnqa.ru/user/
Request data: {'password': '123', 'username': 'learnqa', 'firstName': 'learnqa', 'lastName': 'learnqa', 'email': 'vinkotov@example.com'}
Request headers: {}
Request cookies: {}

Response code: 404
Response text: This is 404 error!
<a href='/'>Home</a>
Response header: {'Date': 'Tue, 12 Dec 2023 16:37:22 GMT', 'Content-Type': 'text/html; charset=utf-8', 'Transfer-Encoding': 'chunked', 'Connection': 'keep-alive', 'Keep-Alive': 'timeout=10', 'Vary': 'Accept-Encoding', 'Server': 'Apache', 'Content-Encoding': 'gzip'}
Response cookies: {}

-----
